Running on  port 3030 ...
Running on  port 3030 ...

events.js:72
        throw er; // Unhandled 'error' event
              ^
Error: listen EADDRINUSE
    at errnoException (net.js:901:11)
    at Server._listen2 (net.js:1039:14)
    at listen (net.js:1061:10)
    at Server.listen (net.js:1135:5)
    at EventEmitter.listen (/home/darts/developer/myperfectice/node_modules/express/lib/application.js:617:24)
    at Object.<anonymous> (/home/darts/developer/myperfectice/app.js:73:5)
    at Module._compile (module.js:456:26)
    at Object.Module._extensions..js (module.js:474:10)
    at Module.load (module.js:356:32)
    at Function.Module._load (module.js:312:12)
    at Function.Module.runMain (module.js:497:10)
    at startup (node.js:119:16)
    at node.js:902:3
Running on  port 3030 ...

events.js:72
        throw er; // Unhandled 'error' event
              ^
Error: listen EADDRINUSE
    at errnoException (net.js:901:11)
    at Server._listen2 (net.js:1039:14)
    at listen (net.js:1061:10)
    at Server.listen (net.js:1135:5)
    at EventEmitter.listen (/home/darts/developer/myperfectice/node_modules/express/lib/application.js:617:24)
    at Object.<anonymous> (/home/darts/developer/myperfectice/app.js:73:5)
    at Module._compile (module.js:456:26)
    at Object.Module._extensions..js (module.js:474:10)
    at Module.load (module.js:356:32)
    at Function.Module._load (module.js:312:12)
    at Function.Module.runMain (module.js:497:10)
    at startup (node.js:119:16)
    at node.js:902:3
Running on  port 3030 ...
Running on  port 3030 ...
Running on  port 3030 ...

events.js:72
        throw er; // Unhandled 'error' event
              ^
Error: listen EADDRINUSE
    at errnoException (net.js:901:11)
    at Server._listen2 (net.js:1039:14)
    at listen (net.js:1061:10)
    at Server.listen (net.js:1135:5)
    at EventEmitter.listen (/home/darts/developer/myperfectice/node_modules/express/lib/application.js:617:24)
    at Object.<anonymous> (/home/darts/developer/myperfectice/app.js:73:5)
    at Module._compile (module.js:456:26)
    at Object.Module._extensions..js (module.js:474:10)
    at Module.load (module.js:356:32)
    at Function.Module._load (module.js:312:12)
    at Function.Module.runMain (module.js:497:10)
    at startup (node.js:119:16)
    at node.js:902:3
Running on  port 3030 ...
