0 info it worked if it ends with ok
1 verbose cli [ '/usr/bin/node', '/usr/bin/npm', 'install' ]
2 info using npm@1.4.28
3 info using node@v0.10.37
4 verbose node symlink /usr/bin/node
5 warn package.json myperfectice@1.0.0 No repository field.
6 warn package.json myperfectice@1.0.0 No README data
7 verbose readDependencies using package.json deps
8 verbose install where, deps [ '/home/ads/developer/myperfectice',
8 verbose install   [ 'body-parser',
8 verbose install     'express',
8 verbose install     'mongojs',
8 verbose install     'mongoose',
8 verbose install     'jsonwebtoken',
8 verbose install     'morgan' ] ]
9 info preinstall myperfectice@1.0.0
10 verbose readDependencies using package.json deps
11 verbose already installed skipping body-parser@* /home/ads/developer/myperfectice
12 verbose already installed skipping express@* /home/ads/developer/myperfectice
13 verbose already installed skipping mongojs@^2.4.0 /home/ads/developer/myperfectice
14 verbose already installed skipping mongoose@* /home/ads/developer/myperfectice
15 verbose cache add [ 'jsonwebtoken@^7.0.0', null ]
16 verbose cache add name=undefined spec="jsonwebtoken@^7.0.0" args=["jsonwebtoken@^7.0.0",null]
17 verbose parsed url { protocol: null,
17 verbose parsed url   slashes: null,
17 verbose parsed url   auth: null,
17 verbose parsed url   host: null,
17 verbose parsed url   port: null,
17 verbose parsed url   hostname: null,
17 verbose parsed url   hash: null,
17 verbose parsed url   search: null,
17 verbose parsed url   query: null,
17 verbose parsed url   pathname: 'jsonwebtoken@^7.0.0',
17 verbose parsed url   path: 'jsonwebtoken@^7.0.0',
17 verbose parsed url   href: 'jsonwebtoken@^7.0.0' }
18 verbose cache add [ 'morgan@^1.7.0', null ]
19 verbose cache add name=undefined spec="morgan@^1.7.0" args=["morgan@^1.7.0",null]
20 verbose parsed url { protocol: null,
20 verbose parsed url   slashes: null,
20 verbose parsed url   auth: null,
20 verbose parsed url   host: null,
20 verbose parsed url   port: null,
20 verbose parsed url   hostname: null,
20 verbose parsed url   hash: null,
20 verbose parsed url   search: null,
20 verbose parsed url   query: null,
20 verbose parsed url   pathname: 'morgan@^1.7.0',
20 verbose parsed url   path: 'morgan@^1.7.0',
20 verbose parsed url   href: 'morgan@^1.7.0' }
21 verbose cache add name="jsonwebtoken" spec="^7.0.0" args=["jsonwebtoken","^7.0.0"]
22 verbose parsed url { protocol: null,
22 verbose parsed url   slashes: null,
22 verbose parsed url   auth: null,
22 verbose parsed url   host: null,
22 verbose parsed url   port: null,
22 verbose parsed url   hostname: null,
22 verbose parsed url   hash: null,
22 verbose parsed url   search: null,
22 verbose parsed url   query: null,
22 verbose parsed url   pathname: '^7.0.0',
22 verbose parsed url   path: '^7.0.0',
22 verbose parsed url   href: '^7.0.0' }
23 verbose addNamed [ 'jsonwebtoken', '^7.0.0' ]
24 verbose addNamed [ null, '>=7.0.0-0 <8.0.0-0' ]
25 verbose cache add name="morgan" spec="^1.7.0" args=["morgan","^1.7.0"]
26 verbose parsed url { protocol: null,
26 verbose parsed url   slashes: null,
26 verbose parsed url   auth: null,
26 verbose parsed url   host: null,
26 verbose parsed url   port: null,
26 verbose parsed url   hostname: null,
26 verbose parsed url   hash: null,
26 verbose parsed url   search: null,
26 verbose parsed url   query: null,
26 verbose parsed url   pathname: '^1.7.0',
26 verbose parsed url   path: '^1.7.0',
26 verbose parsed url   href: '^1.7.0' }
27 verbose addNamed [ 'morgan', '^1.7.0' ]
28 verbose addNamed [ null, '>=1.7.0-0 <2.0.0-0' ]
29 silly lockFile 555b56d8-jsonwebtoken-7-0-0 jsonwebtoken@^7.0.0
30 verbose lock jsonwebtoken@^7.0.0 /home/ads/.npm/555b56d8-jsonwebtoken-7-0-0.lock
31 silly lockFile 7011fb16-morgan-1-7-0 morgan@^1.7.0
32 verbose lock morgan@^1.7.0 /home/ads/.npm/7011fb16-morgan-1-7-0.lock
33 silly addNameRange { name: 'jsonwebtoken',
33 silly addNameRange   range: '>=7.0.0-0 <8.0.0-0',
33 silly addNameRange   hasData: false }
34 silly addNameRange { name: 'morgan', range: '>=1.7.0-0 <2.0.0-0', hasData: false }
35 verbose request where is /jsonwebtoken
36 verbose request registry https://registry.npmjs.org/
37 verbose request id 6e6c3ecccb03662f
38 verbose url raw /jsonwebtoken
39 verbose url resolving [ 'https://registry.npmjs.org/', './jsonwebtoken' ]
40 verbose url resolved https://registry.npmjs.org/jsonwebtoken
41 verbose request where is https://registry.npmjs.org/jsonwebtoken
42 info trying registry request attempt 1 at 14:54:55
43 verbose etag "F2MY2D4DNTIDTL4O8OZLUSZS7"
44 http GET https://registry.npmjs.org/jsonwebtoken
45 verbose request where is /morgan
46 verbose request registry https://registry.npmjs.org/
47 verbose url raw /morgan
48 verbose url resolving [ 'https://registry.npmjs.org/', './morgan' ]
49 verbose url resolved https://registry.npmjs.org/morgan
50 verbose request where is https://registry.npmjs.org/morgan
51 info trying registry request attempt 1 at 14:54:55
52 verbose etag "AY1STTRT9G6BCYTEUPWIA3K9K"
53 http GET https://registry.npmjs.org/morgan
54 http 304 https://registry.npmjs.org/morgan
55 silly registry.get cb [ 304,
55 silly registry.get   { date: 'Wed, 15 Jun 2016 09:25:15 GMT',
55 silly registry.get     via: '1.1 varnish',
55 silly registry.get     'cache-control': 'max-age=300',
55 silly registry.get     etag: '"AY1STTRT9G6BCYTEUPWIA3K9K"',
55 silly registry.get     age: '280',
55 silly registry.get     connection: 'keep-alive',
55 silly registry.get     'x-served-by': 'cache-sin6923-SIN',
55 silly registry.get     'x-cache': 'HIT',
55 silly registry.get     'x-cache-hits': '4',
55 silly registry.get     'x-timer': 'S1465982715.079314,VS0,VE0',
55 silly registry.get     vary: 'Accept-Encoding' } ]
56 verbose etag https://registry.npmjs.org/morgan from cache
57 http 200 https://registry.npmjs.org/jsonwebtoken
58 silly registry.get cb [ 200,
58 silly registry.get   { server: 'CouchDB/1.5.0 (Erlang OTP/R16B03)',
58 silly registry.get     etag: '"AZ450ONV0ULCVDJRNPZBCJ3IR"',
58 silly registry.get     'content-type': 'application/json',
58 silly registry.get     'content-encoding': 'gzip',
58 silly registry.get     'cache-control': 'max-age=300',
58 silly registry.get     'content-length': '12083',
58 silly registry.get     'accept-ranges': 'bytes',
58 silly registry.get     date: 'Wed, 15 Jun 2016 09:25:15 GMT',
58 silly registry.get     via: '1.1 varnish',
58 silly registry.get     age: '213',
58 silly registry.get     connection: 'keep-alive',
58 silly registry.get     'x-served-by': 'cache-sin6924-SIN',
58 silly registry.get     'x-cache': 'HIT',
58 silly registry.get     'x-cache-hits': '3',
58 silly registry.get     'x-timer': 'S1465982715.079127,VS0,VE0',
58 silly registry.get     vary: 'Accept-Encoding' } ]
59 silly addNameRange number 2 { name: 'morgan', range: '>=1.7.0-0 <2.0.0-0', hasData: true }
60 silly addNameRange versions [ 'morgan',
60 silly addNameRange   [ '1.0.0',
60 silly addNameRange     '1.0.1',
60 silly addNameRange     '1.1.0',
60 silly addNameRange     '1.1.1',
60 silly addNameRange     '1.2.0',
60 silly addNameRange     '1.2.1',
60 silly addNameRange     '1.2.2',
60 silly addNameRange     '1.2.3',
60 silly addNameRange     '1.3.0',
60 silly addNameRange     '1.3.1',
60 silly addNameRange     '1.3.2',
60 silly addNameRange     '1.4.0',
60 silly addNameRange     '1.4.1',
60 silly addNameRange     '1.5.0',
60 silly addNameRange     '1.5.1',
60 silly addNameRange     '1.5.2',
60 silly addNameRange     '1.5.3',
60 silly addNameRange     '1.6.0',
60 silly addNameRange     '1.6.1',
60 silly addNameRange     '1.7.0' ] ]
61 verbose addNamed [ 'morgan', '1.7.0' ]
62 verbose addNamed [ '1.7.0', '1.7.0' ]
63 silly lockFile 82b7dd69-morgan-1-7-0 morgan@1.7.0
64 verbose lock morgan@1.7.0 /home/ads/.npm/82b7dd69-morgan-1-7-0.lock
65 silly addNameRange number 2 { name: 'jsonwebtoken',
65 silly addNameRange   range: '>=7.0.0-0 <8.0.0-0',
65 silly addNameRange   hasData: true }
66 silly addNameRange versions [ 'jsonwebtoken',
66 silly addNameRange   [ '0.1.0',
66 silly addNameRange     '0.2.0',
66 silly addNameRange     '0.3.0',
66 silly addNameRange     '0.4.0',
66 silly addNameRange     '0.4.1',
66 silly addNameRange     '1.0.0',
66 silly addNameRange     '1.0.2',
66 silly addNameRange     '1.1.0',
66 silly addNameRange     '1.1.1',
66 silly addNameRange     '1.1.2',
66 silly addNameRange     '1.2.0',
66 silly addNameRange     '1.3.0',
66 silly addNameRange     '2.0.0',
66 silly addNameRange     '3.0.0',
66 silly addNameRange     '3.1.0',
66 silly addNameRange     '3.1.1',
66 silly addNameRange     '3.2.0',
66 silly addNameRange     '3.2.1',
66 silly addNameRange     '3.2.2',
66 silly addNameRange     '4.0.0',
66 silly addNameRange     '4.1.0',
66 silly addNameRange     '4.2.0',
66 silly addNameRange     '4.2.1',
66 silly addNameRange     '4.2.2',
66 silly addNameRange     '5.0.0',
66 silly addNameRange     '5.0.1',
66 silly addNameRange     '5.0.2',
66 silly addNameRange     '5.0.3',
66 silly addNameRange     '5.0.4',
66 silly addNameRange     '5.0.5',
66 silly addNameRange     '5.1.0',
66 silly addNameRange     '5.2.0',
66 silly addNameRange     '5.3.1',
66 silly addNameRange     '5.4.0',
66 silly addNameRange     '5.4.1',
66 silly addNameRange     '5.5.0',
66 silly addNameRange     '5.5.1',
66 silly addNameRange     '5.5.2',
66 silly addNameRange     '5.5.3',
66 silly addNameRange     '5.5.4',
66 silly addNameRange     '5.6.0',
66 silly addNameRange     '5.6.2',
66 silly addNameRange     '5.7.0',
66 silly addNameRange     '6.0.0',
66 silly addNameRange     '6.0.1',
66 silly addNameRange     '6.1.0',
66 silly addNameRange     '6.1.1',
66 silly addNameRange     '6.1.2',
66 silly addNameRange     '6.2.0',
66 silly addNameRange     '7.0.0',
66 silly addNameRange     '7.0.1' ] ]
67 verbose addNamed [ 'jsonwebtoken', '7.0.1' ]
68 verbose addNamed [ '7.0.1', '7.0.1' ]
69 silly lockFile 69efb153-jsonwebtoken-7-0-1 jsonwebtoken@7.0.1
70 verbose lock jsonwebtoken@7.0.1 /home/ads/.npm/69efb153-jsonwebtoken-7-0-1.lock
71 silly lockFile 38cbe241-nwebtoken-jsonwebtoken-7-0-1-tgz https://registry.npmjs.org/jsonwebtoken/-/jsonwebtoken-7.0.1.tgz
72 verbose lock https://registry.npmjs.org/jsonwebtoken/-/jsonwebtoken-7.0.1.tgz /home/ads/.npm/38cbe241-nwebtoken-jsonwebtoken-7-0-1-tgz.lock
73 verbose addRemoteTarball [ 'https://registry.npmjs.org/jsonwebtoken/-/jsonwebtoken-7.0.1.tgz',
73 verbose addRemoteTarball   '4aba9fea3552c8f1d415d4117ab80aa09d6af55e' ]
74 info retry fetch attempt 1 at 14:54:56
75 verbose fetch to= /tmp/npm-5895-rWBgAG16/registry.npmjs.org/jsonwebtoken/-/jsonwebtoken-7.0.1.tgz
76 http GET https://registry.npmjs.org/jsonwebtoken/-/jsonwebtoken-7.0.1.tgz
77 silly lockFile 82b7dd69-morgan-1-7-0 morgan@1.7.0
78 silly lockFile 82b7dd69-morgan-1-7-0 morgan@1.7.0
79 silly lockFile 7011fb16-morgan-1-7-0 morgan@^1.7.0
80 silly lockFile 7011fb16-morgan-1-7-0 morgan@^1.7.0
81 http 200 https://registry.npmjs.org/jsonwebtoken/-/jsonwebtoken-7.0.1.tgz
82 silly lockFile 38cbe241-nwebtoken-jsonwebtoken-7-0-1-tgz https://registry.npmjs.org/jsonwebtoken/-/jsonwebtoken-7.0.1.tgz
83 silly lockFile 38cbe241-nwebtoken-jsonwebtoken-7-0-1-tgz https://registry.npmjs.org/jsonwebtoken/-/jsonwebtoken-7.0.1.tgz
84 silly lockFile 69efb153-jsonwebtoken-7-0-1 jsonwebtoken@7.0.1
85 silly lockFile 69efb153-jsonwebtoken-7-0-1 jsonwebtoken@7.0.1
86 silly lockFile 555b56d8-jsonwebtoken-7-0-0 jsonwebtoken@^7.0.0
87 silly lockFile 555b56d8-jsonwebtoken-7-0-0 jsonwebtoken@^7.0.0
88 error Error: EACCES, mkdir '/home/ads/.npm/jsonwebtoken/7.0.1'
88 error  { [Error: EACCES, mkdir '/home/ads/.npm/jsonwebtoken/7.0.1']
88 error   errno: 3,
88 error   code: 'EACCES',
88 error   path: '/home/ads/.npm/jsonwebtoken/7.0.1',
88 error   parent: 'myperfectice' }
89 error Please try running this command again as root/Administrator.
90 error System Linux 3.16.0-71-generic
91 error command "/usr/bin/node" "/usr/bin/npm" "install"
92 error cwd /home/ads/developer/myperfectice
93 error node -v v0.10.37
94 error npm -v 1.4.28
95 error path /home/ads/.npm/jsonwebtoken/7.0.1
96 error code EACCES
97 error errno 3
98 error stack Error: EACCES, mkdir '/home/ads/.npm/jsonwebtoken/7.0.1'
99 verbose exit [ 3, true ]
